{"F:\\Propios\\rimac-seguro-salud\\src\\presentation\\common\\components\\CustomButton\\CustomButton.module.sass": {"path":"F:\\Propios\\rimac-seguro-salud\\src\\presentation\\common\\components\\CustomButton\\CustomButton.module.sass","statementMap":{},"fnMap":{},"branchMap":{},"s":{},"f":{},"b":{},"meta":{"lastBranch":0,"lastFunction":0,"lastStatement":0,"seen":{}}}
,"F:\\Propios\\rimac-seguro-salud\\src\\presentation\\common\\components\\CustomButton\\CustomButton.tsx": {"path":"F:\\Propios\\rimac-seguro-salud\\src\\presentation\\common\\components\\CustomButton\\CustomButton.tsx","statementMap":{"0":{"start":{"line":12,"column":13},"end":{"line":27,"column":null}},"1":{"start":{"line":18,"column":2},"end":{"line":25,"column":null}}},"fnMap":{"0":{"name":"(anonymous_0)","decl":{"start":{"line":12,"column":13},"end":{"line":12,"column":53}},"loc":{"start":{"line":17,"column":6},"end":{"line":27,"column":null}},"line":17}},"branchMap":{"0":{"loc":{"start":{"line":13,"column":2},"end":{"line":13,"column":null}},"type":"default-arg","locations":[{"start":{"line":13,"column":12},"end":{"line":13,"column":null}}],"line":13},"1":{"loc":{"start":{"line":16,"column":2},"end":{"line":16,"column":null}},"type":"default-arg","locations":[{"start":{"line":16,"column":13},"end":{"line":16,"column":null}}],"line":16}},"s":{"0":1,"1":5},"f":{"0":5},"b":{"0":[5],"1":[5]},"meta":{"lastBranch":2,"lastFunction":1,"lastStatement":2,"seen":{"s:12:13:27:Infinity":0,"f:12:13:12:53":0,"b:13:12:13:Infinity":0,"b:16:13:16:Infinity":1,"s:18:2:25:Infinity":1}}}
,"F:\\Propios\\rimac-seguro-salud\\src\\presentation\\common\\components\\GroupInput\\CustomCheckBox\\CustomCheckBox.module.sass": {"path":"F:\\Propios\\rimac-seguro-salud\\src\\presentation\\common\\components\\GroupInput\\CustomCheckBox\\CustomCheckBox.module.sass","statementMap":{},"fnMap":{},"branchMap":{},"s":{},"f":{},"b":{},"meta":{"lastBranch":0,"lastFunction":0,"lastStatement":0,"seen":{}}}
,"F:\\Propios\\rimac-seguro-salud\\src\\presentation\\common\\components\\GroupInput\\CustomCheckBox\\CustomCheckBox.tsx": {"path":"F:\\Propios\\rimac-seguro-salud\\src\\presentation\\common\\components\\GroupInput\\CustomCheckBox\\CustomCheckBox.tsx","statementMap":{"0":{"start":{"line":13,"column":13},"end":{"line":28,"column":null}},"1":{"start":{"line":18,"column":2},"end":{"line":26,"column":null}}},"fnMap":{"0":{"name":"(anonymous_0)","decl":{"start":{"line":13,"column":13},"end":{"line":13,"column":57}},"loc":{"start":{"line":17,"column":6},"end":{"line":28,"column":null}},"line":17}},"branchMap":{"0":{"loc":{"start":{"line":16,"column":2},"end":{"line":16,"column":null}},"type":"default-arg","locations":[{"start":{"line":16,"column":12},"end":{"line":16,"column":null}}],"line":16},"1":{"loc":{"start":{"line":20,"column":53},"end":{"line":20,"column":null}},"type":"cond-expr","locations":[{"start":{"line":20,"column":63},"end":{"line":20,"column":104}},{"start":{"line":20,"column":104},"end":{"line":20,"column":null}}],"line":20},"2":{"loc":{"start":{"line":24,"column":60},"end":{"line":24,"column":null}},"type":"cond-expr","locations":[{"start":{"line":24,"column":70},"end":{"line":24,"column":116}},{"start":{"line":24,"column":116},"end":{"line":24,"column":null}}],"line":24}},"s":{"0":1,"1":4},"f":{"0":4},"b":{"0":[4],"1":[1,3],"2":[1,3]},"meta":{"lastBranch":3,"lastFunction":1,"lastStatement":2,"seen":{"s:13:13:28:Infinity":0,"f:13:13:13:57":0,"b:16:12:16:Infinity":0,"s:18:2:26:Infinity":1,"b:20:63:20:104:20:104:20:Infinity":1,"b:24:70:24:116:24:116:24:Infinity":2}}}
,"F:\\Propios\\rimac-seguro-salud\\src\\presentation\\common\\components\\GroupInput\\CustomInput\\CustomInput.module.sass": {"path":"F:\\Propios\\rimac-seguro-salud\\src\\presentation\\common\\components\\GroupInput\\CustomInput\\CustomInput.module.sass","statementMap":{},"fnMap":{},"branchMap":{},"s":{},"f":{},"b":{},"meta":{"lastBranch":0,"lastFunction":0,"lastStatement":0,"seen":{}}}
,"F:\\Propios\\rimac-seguro-salud\\src\\presentation\\common\\components\\GroupInput\\CustomInput\\CustomInput.tsx": {"path":"F:\\Propios\\rimac-seguro-salud\\src\\presentation\\common\\components\\GroupInput\\CustomInput\\CustomInput.tsx","statementMap":{"0":{"start":{"line":16,"column":13},"end":{"line":36,"column":null}},"1":{"start":{"line":24,"column":2},"end":{"line":34,"column":null}},"2":{"start":{"line":29,"column":25},"end":{"line":29,"column":null}},"3":{"start":{"line":30,"column":23},"end":{"line":30,"column":null}}},"fnMap":{"0":{"name":"(anonymous_0)","decl":{"start":{"line":16,"column":13},"end":{"line":16,"column":62}},"loc":{"start":{"line":23,"column":6},"end":{"line":36,"column":null}},"line":23},"1":{"name":"(anonymous_1)","decl":{"start":{"line":29,"column":8},"end":{"line":29,"column":19}},"loc":{"start":{"line":29,"column":25},"end":{"line":29,"column":null}},"line":29},"2":{"name":"(anonymous_2)","decl":{"start":{"line":30,"column":8},"end":{"line":30,"column":17}},"loc":{"start":{"line":30,"column":23},"end":{"line":30,"column":null}},"line":30}},"branchMap":{"0":{"loc":{"start":{"line":26,"column":7},"end":{"line":27,"column":7}},"type":"binary-expr","locations":[{"start":{"line":26,"column":7},"end":{"line":26,"column":16}},{"start":{"line":26,"column":16},"end":{"line":27,"column":7}}],"line":26},"1":{"loc":{"start":{"line":28,"column":65},"end":{"line":28,"column":null}},"type":"binary-expr","locations":[{"start":{"line":28,"column":65},"end":{"line":28,"column":90}},{"start":{"line":28,"column":90},"end":{"line":28,"column":null}}],"line":28}},"s":{"0":1,"1":7,"2":1,"3":2},"f":{"0":7,"1":1,"2":2},"b":{"0":[7,1],"1":[7,1]},"meta":{"lastBranch":2,"lastFunction":3,"lastStatement":4,"seen":{"s:16:13:36:Infinity":0,"f:16:13:16:62":0,"s:24:2:34:Infinity":1,"b:26:7:26:16:26:16:27:7":0,"b:28:65:28:90:28:90:28:Infinity":1,"f:29:8:29:19":1,"s:29:25:29:Infinity":2,"f:30:8:30:17":2,"s:30:23:30:Infinity":3}}}
,"F:\\Propios\\rimac-seguro-salud\\src\\presentation\\common\\components\\GroupInput\\CustomSelect\\CustomSelect.module.sass": {"path":"F:\\Propios\\rimac-seguro-salud\\src\\presentation\\common\\components\\GroupInput\\CustomSelect\\CustomSelect.module.sass","statementMap":{},"fnMap":{},"branchMap":{},"s":{},"f":{},"b":{},"meta":{"lastBranch":0,"lastFunction":0,"lastStatement":0,"seen":{}}}
,"F:\\Propios\\rimac-seguro-salud\\src\\presentation\\common\\components\\GroupInput\\CustomSelect\\CustomSelect.tsx": {"path":"F:\\Propios\\rimac-seguro-salud\\src\\presentation\\common\\components\\GroupInput\\CustomSelect\\CustomSelect.tsx","statementMap":{"0":{"start":{"line":20,"column":13},"end":{"line":57,"column":null}},"1":{"start":{"line":26,"column":27},"end":{"line":26,"column":null}},"2":{"start":{"line":28,"column":2},"end":{"line":55,"column":null}},"3":{"start":{"line":33,"column":23},"end":{"line":33,"column":null}},"4":{"start":{"line":33,"column":41},"end":{"line":33,"column":46}},"5":{"start":{"line":44,"column":12},"end":{"line":50,"column":null}},"6":{"start":{"line":47,"column":29},"end":{"line":47,"column":null}}},"fnMap":{"0":{"name":"(anonymous_0)","decl":{"start":{"line":20,"column":13},"end":{"line":20,"column":53}},"loc":{"start":{"line":25,"column":6},"end":{"line":57,"column":null}},"line":25},"1":{"name":"(anonymous_1)","decl":{"start":{"line":33,"column":8},"end":{"line":33,"column":23}},"loc":{"start":{"line":33,"column":23},"end":{"line":33,"column":null}},"line":33},"2":{"name":"(anonymous_2)","decl":{"start":{"line":33,"column":23},"end":{"line":33,"column":32}},"loc":{"start":{"line":33,"column":41},"end":{"line":33,"column":46}},"line":33},"3":{"name":"(anonymous_3)","decl":{"start":{"line":43,"column":19},"end":{"line":43,"column":24}},"loc":{"start":{"line":44,"column":12},"end":{"line":50,"column":null}},"line":44},"4":{"name":"(anonymous_4)","decl":{"start":{"line":47,"column":14},"end":{"line":47,"column":29}},"loc":{"start":{"line":47,"column":29},"end":{"line":47,"column":null}},"line":47}},"branchMap":{"0":{"loc":{"start":{"line":24,"column":2},"end":{"line":24,"column":null}},"type":"default-arg","locations":[{"start":{"line":24,"column":12},"end":{"line":24,"column":null}}],"line":24},"1":{"loc":{"start":{"line":32,"column":39},"end":{"line":32,"column":null}},"type":"binary-expr","locations":[{"start":{"line":32,"column":39},"end":{"line":32,"column":64}},{"start":{"line":32,"column":64},"end":{"line":32,"column":null}}],"line":32},"2":{"loc":{"start":{"line":41,"column":49},"end":{"line":41,"column":null}},"type":"binary-expr","locations":[{"start":{"line":41,"column":49},"end":{"line":41,"column":57}},{"start":{"line":41,"column":57},"end":{"line":41,"column":null}}],"line":41},"3":{"loc":{"start":{"line":54,"column":7},"end":{"line":55,"column":null}},"type":"binary-expr","locations":[{"start":{"line":54,"column":7},"end":{"line":54,"column":15}},{"start":{"line":54,"column":15},"end":{"line":55,"column":null}}],"line":54}},"s":{"0":1,"1":4,"2":4,"3":1,"4":2,"5":8,"6":0},"f":{"0":4,"1":1,"2":2,"3":8,"4":0},"b":{"0":[4],"1":[4,1],"2":[4,1],"3":[4,1]},"meta":{"lastBranch":4,"lastFunction":5,"lastStatement":7,"seen":{"s:20:13:57:Infinity":0,"f:20:13:20:53":0,"b:24:12:24:Infinity":0,"s:26:27:26:Infinity":1,"s:28:2:55:Infinity":2,"b:32:39:32:64:32:64:32:Infinity":1,"f:33:8:33:23":1,"s:33:23:33:Infinity":3,"f:33:23:33:32":2,"s:33:41:33:46":4,"b:41:49:41:57:41:57:41:Infinity":2,"f:43:19:43:24":3,"s:44:12:50:Infinity":5,"f:47:14:47:29":4,"s:47:29:47:Infinity":6,"b:54:7:54:15:54:15:55:Infinity":3}}}
,"F:\\Propios\\rimac-seguro-salud\\src\\presentation\\common\\components\\Header\\Header.module.sass": {"path":"F:\\Propios\\rimac-seguro-salud\\src\\presentation\\common\\components\\Header\\Header.module.sass","statementMap":{},"fnMap":{},"branchMap":{},"s":{},"f":{},"b":{},"meta":{"lastBranch":0,"lastFunction":0,"lastStatement":0,"seen":{}}}
,"F:\\Propios\\rimac-seguro-salud\\src\\presentation\\common\\components\\Header\\Header.tsx": {"path":"F:\\Propios\\rimac-seguro-salud\\src\\presentation\\common\\components\\Header\\Header.tsx","statementMap":{"0":{"start":{"line":9,"column":13},"end":{"line":38,"column":null}},"1":{"start":{"line":10,"column":10},"end":{"line":10,"column":null}},"2":{"start":{"line":12,"column":2},"end":{"line":36,"column":null}}},"fnMap":{"0":{"name":"(anonymous_0)","decl":{"start":{"line":9,"column":13},"end":{"line":9,"column":32}},"loc":{"start":{"line":9,"column":32},"end":{"line":38,"column":null}},"line":9}},"branchMap":{"0":{"loc":{"start":{"line":14,"column":37},"end":{"line":14,"column":null}},"type":"binary-expr","locations":[{"start":{"line":14,"column":37},"end":{"line":14,"column":65}},{"start":{"line":14,"column":65},"end":{"line":14,"column":null}}],"line":14}},"s":{"0":1,"1":4,"2":4},"f":{"0":4},"b":{"0":[4,1]},"meta":{"lastBranch":1,"lastFunction":1,"lastStatement":3,"seen":{"s:9:13:38:Infinity":0,"f:9:13:9:32":0,"s:10:10:10:Infinity":1,"s:12:2:36:Infinity":2,"b:14:37:14:65:14:65:14:Infinity":0}}}
,"F:\\Propios\\rimac-seguro-salud\\src\\presentation\\common\\components\\Slider\\Slider.module.sass": {"path":"F:\\Propios\\rimac-seguro-salud\\src\\presentation\\common\\components\\Slider\\Slider.module.sass","statementMap":{},"fnMap":{},"branchMap":{},"s":{},"f":{},"b":{},"meta":{"lastBranch":0,"lastFunction":0,"lastStatement":0,"seen":{}}}
,"F:\\Propios\\rimac-seguro-salud\\src\\presentation\\common\\components\\Slider\\Slider.tsx": {"path":"F:\\Propios\\rimac-seguro-salud\\src\\presentation\\common\\components\\Slider\\Slider.tsx","statementMap":{"0":{"start":{"line":18,"column":13},"end":{"line":77,"column":null}},"1":{"start":{"line":20,"column":18},"end":{"line":20,"column":null}},"2":{"start":{"line":22,"column":30},"end":{"line":22,"column":null}},"3":{"start":{"line":24,"column":25},"end":{"line":28,"column":null}},"4":{"start":{"line":30,"column":10},"end":{"line":32,"column":null}},"5":{"start":{"line":31,"column":6},"end":{"line":31,"column":null}},"6":{"start":{"line":34,"column":10},"end":{"line":36,"column":null}},"7":{"start":{"line":35,"column":6},"end":{"line":35,"column":null}},"8":{"start":{"line":38,"column":4},"end":{"line":74,"column":null}},"9":{"start":{"line":43,"column":14},"end":{"line":47,"column":null}}},"fnMap":{"0":{"name":"(anonymous_0)","decl":{"start":{"line":18,"column":22},"end":{"line":18,"column":null}},"loc":{"start":{"line":19,"column":52},"end":{"line":76,"column":null}},"line":19},"1":{"name":"(anonymous_1)","decl":{"start":{"line":30,"column":10},"end":{"line":30,"column":30}},"loc":{"start":{"line":30,"column":30},"end":{"line":32,"column":null}},"line":30},"2":{"name":"(anonymous_2)","decl":{"start":{"line":34,"column":10},"end":{"line":34,"column":30}},"loc":{"start":{"line":34,"column":30},"end":{"line":36,"column":null}},"line":34},"3":{"name":"(anonymous_3)","decl":{"start":{"line":42,"column":26},"end":{"line":42,"column":31}},"loc":{"start":{"line":43,"column":14},"end":{"line":47,"column":null}},"line":43}},"branchMap":{"0":{"loc":{"start":{"line":19,"column":23},"end":{"line":19,"column":52}},"type":"default-arg","locations":[{"start":{"line":19,"column":44},"end":{"line":19,"column":52}}],"line":19},"1":{"loc":{"start":{"line":24,"column":25},"end":{"line":28,"column":null}},"type":"cond-expr","locations":[{"start":{"line":25,"column":8},"end":{"line":27,"column":null}},{"start":{"line":28,"column":8},"end":{"line":28,"column":null}}],"line":24},"2":{"loc":{"start":{"line":31,"column":15},"end":{"line":31,"column":61}},"type":"cond-expr","locations":[{"start":{"line":31,"column":44},"end":{"line":31,"column":52}},{"start":{"line":31,"column":52},"end":{"line":31,"column":61}}],"line":31},"3":{"loc":{"start":{"line":35,"column":15},"end":{"line":35,"column":49}},"type":"cond-expr","locations":[{"start":{"line":35,"column":32},"end":{"line":35,"column":44}},{"start":{"line":35,"column":44},"end":{"line":35,"column":49}}],"line":35},"4":{"loc":{"start":{"line":43,"column":14},"end":{"line":47,"column":null}},"type":"cond-expr","locations":[{"start":{"line":43,"column":14},"end":{"line":46,"column":null}},{"start":{"line":47,"column":18},"end":{"line":47,"column":null}}],"line":43},"5":{"loc":{"start":{"line":54,"column":61},"end":{"line":54,"column":null}},"type":"cond-expr","locations":[{"start":{"line":54,"column":75},"end":{"line":54,"column":97}},{"start":{"line":54,"column":97},"end":{"line":54,"column":null}}],"line":54},"6":{"loc":{"start":{"line":57,"column":68},"end":{"line":57,"column":null}},"type":"cond-expr","locations":[{"start":{"line":57,"column":82},"end":{"line":57,"column":97}},{"start":{"line":57,"column":97},"end":{"line":57,"column":null}}],"line":57},"7":{"loc":{"start":{"line":67,"column":62},"end":{"line":67,"column":null}},"type":"cond-expr","locations":[{"start":{"line":67,"column":76},"end":{"line":67,"column":98}},{"start":{"line":67,"column":98},"end":{"line":67,"column":null}}],"line":67},"8":{"loc":{"start":{"line":70,"column":70},"end":{"line":70,"column":null}},"type":"cond-expr","locations":[{"start":{"line":70,"column":84},"end":{"line":70,"column":99}},{"start":{"line":70,"column":99},"end":{"line":70,"column":null}}],"line":70}},"s":{"0":1,"1":15,"2":15,"3":15,"4":15,"5":7,"6":15,"7":2,"8":15,"9":16},"f":{"0":15,"1":7,"2":2,"3":16},"b":{"0":[15],"1":[15,0],"2":[1,6],"3":[1,1],"4":[16,0],"5":[8,7],"6":[8,7],"7":[3,12],"8":[3,12]},"meta":{"lastBranch":9,"lastFunction":4,"lastStatement":10,"seen":{"s:18:13:77:Infinity":0,"f:18:22:18:Infinity":0,"b:19:44:19:52":0,"s:20:18:20:Infinity":1,"s:22:30:22:Infinity":2,"s:24:25:28:Infinity":3,"b:25:8:27:Infinity:28:8:28:Infinity":1,"s:30:10:32:Infinity":4,"f:30:10:30:30":1,"s:31:6:31:Infinity":5,"b:31:44:31:52:31:52:31:61":2,"s:34:10:36:Infinity":6,"f:34:10:34:30":2,"s:35:6:35:Infinity":7,"b:35:32:35:44:35:44:35:49":3,"s:38:4:74:Infinity":8,"f:42:26:42:31":3,"s:43:14:47:Infinity":9,"b:43:14:46:Infinity:47:18:47:Infinity":4,"b:54:75:54:97:54:97:54:Infinity":5,"b:57:82:57:97:57:97:57:Infinity":6,"b:67:76:67:98:67:98:67:Infinity":7,"b:70:84:70:99:70:99:70:Infinity":8}}}
,"F:\\Propios\\rimac-seguro-salud\\src\\presentation\\common\\components\\Stepper\\Stepper.module.sass": {"path":"F:\\Propios\\rimac-seguro-salud\\src\\presentation\\common\\components\\Stepper\\Stepper.module.sass","statementMap":{},"fnMap":{},"branchMap":{},"s":{},"f":{},"b":{},"meta":{"lastBranch":0,"lastFunction":0,"lastStatement":0,"seen":{}}}
,"F:\\Propios\\rimac-seguro-salud\\src\\presentation\\common\\components\\Stepper\\Stepper.tsx": {"path":"F:\\Propios\\rimac-seguro-salud\\src\\presentation\\common\\components\\Stepper\\Stepper.tsx","statementMap":{"0":{"start":{"line":12,"column":13},"end":{"line":42,"column":null}},"1":{"start":{"line":13,"column":8},"end":{"line":13,"column":null}},"2":{"start":{"line":15,"column":15},"end":{"line":15,"column":null}},"3":{"start":{"line":17,"column":2},"end":{"line":21,"column":null}},"4":{"start":{"line":18,"column":4},"end":{"line":20,"column":null}},"5":{"start":{"line":19,"column":6},"end":{"line":19,"column":null}},"6":{"start":{"line":23,"column":2},"end":{"line":40,"column":null}},"7":{"start":{"line":28,"column":25},"end":{"line":28,"column":null}}},"fnMap":{"0":{"name":"(anonymous_0)","decl":{"start":{"line":12,"column":13},"end":{"line":12,"column":43}},"loc":{"start":{"line":12,"column":56},"end":{"line":42,"column":null}},"line":12},"1":{"name":"(anonymous_1)","decl":{"start":{"line":17,"column":2},"end":{"line":17,"column":18}},"loc":{"start":{"line":17,"column":18},"end":{"line":21,"column":5}},"line":17},"2":{"name":"(anonymous_2)","decl":{"start":{"line":18,"column":4},"end":{"line":18,"column":21}},"loc":{"start":{"line":18,"column":21},"end":{"line":20,"column":7}},"line":18},"3":{"name":"(anonymous_3)","decl":{"start":{"line":28,"column":10},"end":{"line":28,"column":25}},"loc":{"start":{"line":28,"column":25},"end":{"line":28,"column":null}},"line":28}},"branchMap":{"0":{"loc":{"start":{"line":38,"column":44},"end":{"line":38,"column":null}},"type":"binary-expr","locations":[{"start":{"line":38,"column":44},"end":{"line":38,"column":58}},{"start":{"line":38,"column":58},"end":{"line":38,"column":null}}],"line":38}},"s":{"0":1,"1":6,"2":6,"3":6,"4":4,"5":2,"6":6,"7":1},"f":{"0":6,"1":4,"2":2,"3":1},"b":{"0":[6,2]},"meta":{"lastBranch":1,"lastFunction":4,"lastStatement":8,"seen":{"s:12:13:42:Infinity":0,"f:12:13:12:43":0,"s:13:8:13:Infinity":1,"s:15:15:15:Infinity":2,"s:17:2:21:Infinity":3,"f:17:2:17:18":1,"s:18:4:20:Infinity":4,"f:18:4:18:21":2,"s:19:6:19:Infinity":5,"s:23:2:40:Infinity":6,"f:28:10:28:25":3,"s:28:25:28:Infinity":7,"b:38:44:38:58:38:58:38:Infinity":0}}}
}
